<?xml version="1.0" encoding="UTF-8"?>
<!-- Generated by org.testng.reporters.JUnitReportReporter -->
<testsuite hostname="LAPTOP-RBJADUBR" failures="0" tests="1" name="akitochalam.RemoteWebDriver.RemoteChrome" time="26.372" errors="0" timestamp="2022-10-17T09:32:15 IST" skipped="0">
  <testcase classname="akitochalam.RemoteWebDriver.RemoteChrome" name="InitiateChrome" time="26.372"/>
  <system-out/>
</testsuite> <!-- akitochalam.RemoteWebDriver.RemoteChrome -->
